[ 2017-12-19T13:55:50+08:00 ] 106.11.225.84 /
INFO: [ app_init ] --START--
INFO: Run Behavior\BuildLiteBehavior [ RunTime:0.000009s ]
INFO: [ app_init ] --END-- [ RunTime:0.000066s ]
INFO: [ app_begin ] --START--
INFO: Run Behavior\ReadHtmlCacheBehavior [ RunTime:0.000029s ]
INFO: [ app_begin ] --END-- [ RunTime:0.000051s ]
INFO: [ view_parse ] --START--
INFO: [ template_filter ] --START--
INFO: Run Behavior\ContentReplaceBehavior [ RunTime:0.000021s ]
INFO: [ template_filter ] --END-- [ RunTime:0.000044s ]
INFO: Run Behavior\ParseTemplateBehavior [ RunTime:0.001068s ]
INFO: [ view_parse ] --END-- [ RunTime:0.001109s ]
INFO: [ view_filter ] --START--
INFO: Run Behavior\WriteHtmlCacheBehavior [ RunTime:0.000030s ]
INFO: [ view_filter ] --END-- [ RunTime:0.000046s ]

[ 2017-12-19T15:38:58+08:00 ] 106.120.160.109 /
INFO: [ app_init ] --START--
INFO: Run Behavior\BuildLiteBehavior [ RunTime:0.000009s ]
INFO: [ app_init ] --END-- [ RunTime:0.000064s ]
INFO: [ app_begin ] --START--
INFO: Run Behavior\ReadHtmlCacheBehavior [ RunTime:0.000027s ]
INFO: [ app_begin ] --END-- [ RunTime:0.000048s ]
INFO: [ view_parse ] --START--
INFO: [ template_filter ] --START--
INFO: Run Behavior\ContentReplaceBehavior [ RunTime:0.000022s ]
INFO: [ template_filter ] --END-- [ RunTime:0.000046s ]
INFO: Run Behavior\ParseTemplateBehavior [ RunTime:0.001125s ]
INFO: [ view_parse ] --END-- [ RunTime:0.001152s ]
INFO: [ view_filter ] --START--
INFO: Run Behavior\WriteHtmlCacheBehavior [ RunTime:0.000028s ]
INFO: [ view_filter ] --END-- [ RunTime:0.000044s ]

[ 2017-12-19T16:40:33+08:00 ] 101.199.112.50 /
INFO: [ app_init ] --START--
INFO: Run Behavior\BuildLiteBehavior [ RunTime:0.000009s ]
INFO: [ app_init ] --END-- [ RunTime:0.000076s ]
INFO: [ app_begin ] --START--
INFO: Run Behavior\ReadHtmlCacheBehavior [ RunTime:0.000028s ]
INFO: [ app_begin ] --END-- [ RunTime:0.000047s ]
INFO: [ view_parse ] --START--
INFO: [ template_filter ] --START--
INFO: Run Behavior\ContentReplaceBehavior [ RunTime:0.000022s ]
INFO: [ template_filter ] --END-- [ RunTime:0.000046s ]
INFO: Run Behavior\ParseTemplateBehavior [ RunTime:0.001115s ]
INFO: [ view_parse ] --END-- [ RunTime:0.001141s ]
INFO: [ view_filter ] --START--
INFO: Run Behavior\WriteHtmlCacheBehavior [ RunTime:0.000029s ]
INFO: [ view_filter ] --END-- [ RunTime:0.000043s ]

[ 2017-12-19T16:40:36+08:00 ] 101.199.112.50 /Usermanage/login.html
INFO: [ app_init ] --START--
INFO: Run Behavior\BuildLiteBehavior [ RunTime:0.000008s ]
INFO: [ app_init ] --END-- [ RunTime:0.000057s ]
INFO: [ app_begin ] --START--
INFO: Run Behavior\ReadHtmlCacheBehavior [ RunTime:0.000036s ]
INFO: [ app_begin ] --END-- [ RunTime:0.000059s ]
INFO: [ view_parse ] --START--
INFO: [ template_filter ] --START--
INFO: Run Behavior\ContentReplaceBehavior [ RunTime:0.000027s ]
INFO: [ template_filter ] --END-- [ RunTime:0.000051s ]
NOTIC: [8] Undefined index: online /data/wwwroot/default/paint/Application/Runtime/Cache/Admin/f91b7e67b71a29642252439201dea153.php 第 53 行.
NOTIC: [8] Undefined index: online /data/wwwroot/default/paint/Application/Runtime/Cache/Admin/f91b7e67b71a29642252439201dea153.php 第 62 行.
NOTIC: [8] Undefined index: online /data/wwwroot/default/paint/Application/Runtime/Cache/Admin/f91b7e67b71a29642252439201dea153.php 第 71 行.
NOTIC: [8] Undefined index: online /data/wwwroot/default/paint/Application/Runtime/Cache/Admin/f91b7e67b71a29642252439201dea153.php 第 80 行.
INFO: Run Behavior\ParseTemplateBehavior [ RunTime:0.002070s ]
INFO: [ view_parse ] --END-- [ RunTime:0.002091s ]
INFO: [ view_filter ] --START--
INFO: Run Behavior\WriteHtmlCacheBehavior [ RunTime:0.000023s ]
INFO: [ view_filter ] --END-- [ RunTime:0.000038s ]
INFO: [ app_end ] --START--
INFO: Run Behavior\ShowPageTraceBehavior [ RunTime:0.000024s ]
INFO: [ app_end ] --END-- [ RunTime:0.000039s ]

[ 2017-12-19T16:41:15+08:00 ] 171.13.14.131 /
INFO: [ app_init ] --START--
INFO: Run Behavior\BuildLiteBehavior [ RunTime:0.000009s ]
INFO: [ app_init ] --END-- [ RunTime:0.000060s ]
INFO: [ app_begin ] --START--
INFO: Run Behavior\ReadHtmlCacheBehavior [ RunTime:0.000023s ]
INFO: [ app_begin ] --END-- [ RunTime:0.000042s ]
INFO: [ view_parse ] --START--
INFO: [ template_filter ] --START--
INFO: Run Behavior\ContentReplaceBehavior [ RunTime:0.000021s ]
INFO: [ template_filter ] --END-- [ RunTime:0.000045s ]
INFO: Run Behavior\ParseTemplateBehavior [ RunTime:0.001083s ]
INFO: [ view_parse ] --END-- [ RunTime:0.001109s ]
INFO: [ view_filter ] --START--
INFO: Run Behavior\WriteHtmlCacheBehavior [ RunTime:0.000023s ]
INFO: [ view_filter ] --END-- [ RunTime:0.000037s ]

[ 2017-12-19T16:41:18+08:00 ] 171.13.14.131 /Usermanage/login.html
INFO: [ app_init ] --START--
INFO: Run Behavior\BuildLiteBehavior [ RunTime:0.000008s ]
INFO: [ app_init ] --END-- [ RunTime:0.000059s ]
INFO: [ app_begin ] --START--
INFO: Run Behavior\ReadHtmlCacheBehavior [ RunTime:0.000024s ]
INFO: [ app_begin ] --END-- [ RunTime:0.000046s ]
INFO: [ view_parse ] --START--
INFO: [ template_filter ] --START--
INFO: Run Behavior\ContentReplaceBehavior [ RunTime:0.000027s ]
INFO: [ template_filter ] --END-- [ RunTime:0.000054s ]
NOTIC: [8] Undefined index: online /data/wwwroot/default/paint/Application/Runtime/Cache/Admin/f91b7e67b71a29642252439201dea153.php 第 53 行.
NOTIC: [8] Undefined index: online /data/wwwroot/default/paint/Application/Runtime/Cache/Admin/f91b7e67b71a29642252439201dea153.php 第 62 行.
NOTIC: [8] Undefined index: online /data/wwwroot/default/paint/Application/Runtime/Cache/Admin/f91b7e67b71a29642252439201dea153.php 第 71 行.
NOTIC: [8] Undefined index: online /data/wwwroot/default/paint/Application/Runtime/Cache/Admin/f91b7e67b71a29642252439201dea153.php 第 80 行.
INFO: Run Behavior\ParseTemplateBehavior [ RunTime:0.002176s ]
INFO: [ view_parse ] --END-- [ RunTime:0.002199s ]
INFO: [ view_filter ] --START--
INFO: Run Behavior\WriteHtmlCacheBehavior [ RunTime:0.000023s ]
INFO: [ view_filter ] --END-- [ RunTime:0.000054s ]
INFO: [ app_end ] --START--
INFO: Run Behavior\ShowPageTraceBehavior [ RunTime:0.000020s ]
INFO: [ app_end ] --END-- [ RunTime:0.000036s ]

[ 2017-12-19T16:41:55+08:00 ] 182.118.20.144 /
INFO: [ app_init ] --START--
INFO: Run Behavior\BuildLiteBehavior [ RunTime:0.000009s ]
INFO: [ app_init ] --END-- [ RunTime:0.000087s ]
INFO: [ app_begin ] --START--
INFO: Run Behavior\ReadHtmlCacheBehavior [ RunTime:0.000026s ]
INFO: [ app_begin ] --END-- [ RunTime:0.000046s ]
INFO: [ view_parse ] --START--
INFO: [ template_filter ] --START--
INFO: Run Behavior\ContentReplaceBehavior [ RunTime:0.000021s ]
INFO: [ template_filter ] --END-- [ RunTime:0.000045s ]
INFO: Run Behavior\ParseTemplateBehavior [ RunTime:0.001089s ]
INFO: [ view_parse ] --END-- [ RunTime:0.001117s ]
INFO: [ view_filter ] --START--
INFO: Run Behavior\WriteHtmlCacheBehavior [ RunTime:0.000028s ]
INFO: [ view_filter ] --END-- [ RunTime:0.000042s ]

[ 2017-12-19T16:41:58+08:00 ] 182.118.20.144 /Usermanage/login.html
INFO: [ app_init ] --START--
INFO: Run Behavior\BuildLiteBehavior [ RunTime:0.000008s ]
INFO: [ app_init ] --END-- [ RunTime:0.000059s ]
INFO: [ app_begin ] --START--
INFO: Run Behavior\ReadHtmlCacheBehavior [ RunTime:0.000024s ]
INFO: [ app_begin ] --END-- [ RunTime:0.000045s ]
INFO: [ view_parse ] --START--
INFO: [ template_filter ] --START--
INFO: Run Behavior\ContentReplaceBehavior [ RunTime:0.000027s ]
INFO: [ template_filter ] --END-- [ RunTime:0.000054s ]
NOTIC: [8] Undefined index: online /data/wwwroot/default/paint/Application/Runtime/Cache/Admin/f91b7e67b71a29642252439201dea153.php 第 53 行.
NOTIC: [8] Undefined index: online /data/wwwroot/default/paint/Application/Runtime/Cache/Admin/f91b7e67b71a29642252439201dea153.php 第 62 行.
NOTIC: [8] Undefined index: online /data/wwwroot/default/paint/Application/Runtime/Cache/Admin/f91b7e67b71a29642252439201dea153.php 第 71 行.
NOTIC: [8] Undefined index: online /data/wwwroot/default/paint/Application/Runtime/Cache/Admin/f91b7e67b71a29642252439201dea153.php 第 80 行.
INFO: Run Behavior\ParseTemplateBehavior [ RunTime:0.002162s ]
INFO: [ view_parse ] --END-- [ RunTime:0.002186s ]
INFO: [ view_filter ] --START--
INFO: Run Behavior\WriteHtmlCacheBehavior [ RunTime:0.000022s ]
INFO: [ view_filter ] --END-- [ RunTime:0.000039s ]
INFO: [ app_end ] --START--
INFO: Run Behavior\ShowPageTraceBehavior [ RunTime:0.000026s ]
INFO: [ app_end ] --END-- [ RunTime:0.000042s ]

