[ 2017-12-25T04:23:55+08:00 ] 106.11.156.216 /Usermanage/login.html
INFO: [ app_init ] --START--
INFO: Run Behavior\BuildLiteBehavior [ RunTime:0.000010s ]
INFO: [ app_init ] --END-- [ RunTime:0.000066s ]
INFO: [ app_begin ] --START--
INFO: Run Behavior\ReadHtmlCacheBehavior [ RunTime:0.000027s ]
INFO: [ app_begin ] --END-- [ RunTime:0.000047s ]
INFO: [ view_parse ] --START--
INFO: [ template_filter ] --START--
INFO: Run Behavior\ContentReplaceBehavior [ RunTime:0.000026s ]
INFO: [ template_filter ] --END-- [ RunTime:0.000052s ]
NOTIC: [8] Undefined index: online /data/wwwroot/default/paint/Application/Runtime/Cache/Admin/f91b7e67b71a29642252439201dea153.php 第 53 行.
NOTIC: [8] Undefined index: online /data/wwwroot/default/paint/Application/Runtime/Cache/Admin/f91b7e67b71a29642252439201dea153.php 第 62 行.
NOTIC: [8] Undefined index: online /data/wwwroot/default/paint/Application/Runtime/Cache/Admin/f91b7e67b71a29642252439201dea153.php 第 71 行.
NOTIC: [8] Undefined index: online /data/wwwroot/default/paint/Application/Runtime/Cache/Admin/f91b7e67b71a29642252439201dea153.php 第 80 行.
INFO: Run Behavior\ParseTemplateBehavior [ RunTime:0.002111s ]
INFO: [ view_parse ] --END-- [ RunTime:0.002134s ]
INFO: [ view_filter ] --START--
INFO: Run Behavior\WriteHtmlCacheBehavior [ RunTime:0.000027s ]
INFO: [ view_filter ] --END-- [ RunTime:0.000042s ]
INFO: [ app_end ] --START--
INFO: Run Behavior\ShowPageTraceBehavior [ RunTime:0.000022s ]
INFO: [ app_end ] --END-- [ RunTime:0.000036s ]

