[ 2017-12-24T04:43:30+08:00 ] 116.62.209.27 /
INFO: [ app_init ] --START--
INFO: Run Behavior\BuildLiteBehavior [ RunTime:0.000010s ]
INFO: [ app_init ] --END-- [ RunTime:0.000070s ]
INFO: [ app_begin ] --START--
INFO: Run Behavior\ReadHtmlCacheBehavior [ RunTime:0.000029s ]
INFO: [ app_begin ] --END-- [ RunTime:0.000052s ]
INFO: [ view_parse ] --START--
INFO: [ template_filter ] --START--
INFO: Run Behavior\ContentReplaceBehavior [ RunTime:0.000023s ]
INFO: [ template_filter ] --END-- [ RunTime:0.000050s ]
INFO: Run Behavior\ParseTemplateBehavior [ RunTime:0.001219s ]
INFO: [ view_parse ] --END-- [ RunTime:0.001249s ]
INFO: [ view_filter ] --START--
INFO: Run Behavior\WriteHtmlCacheBehavior [ RunTime:0.000040s ]
INFO: [ view_filter ] --END-- [ RunTime:0.000060s ]

[ 2017-12-24T04:43:30+08:00 ] 116.62.209.27 /explicit_not_exist_path
INFO: [ app_init ] --START--
INFO: Run Behavior\BuildLiteBehavior [ RunTime:0.000009s ]
INFO: [ app_init ] --END-- [ RunTime:0.000061s ]
INFO: [ app_begin ] --START--
INFO: Run Behavior\ReadHtmlCacheBehavior [ RunTime:0.000027s ]
INFO: [ app_begin ] --END-- [ RunTime:0.000052s ]
ERR: 无法加载控制器:Explicit_not_exist_path

[ 2017-12-24T04:43:31+08:00 ] 116.62.209.27 /index.html
INFO: [ app_init ] --START--
INFO: Run Behavior\BuildLiteBehavior [ RunTime:0.000009s ]
INFO: [ app_init ] --END-- [ RunTime:0.000060s ]
INFO: [ app_begin ] --START--
INFO: Run Behavior\ReadHtmlCacheBehavior [ RunTime:0.000026s ]
INFO: [ app_begin ] --END-- [ RunTime:0.000050s ]
INFO: [ view_parse ] --START--
INFO: [ template_filter ] --START--
INFO: Run Behavior\ContentReplaceBehavior [ RunTime:0.000028s ]
INFO: [ template_filter ] --END-- [ RunTime:0.000055s ]
INFO: Run Behavior\ParseTemplateBehavior [ RunTime:0.001254s ]
INFO: [ view_parse ] --END-- [ RunTime:0.001285s ]
INFO: [ view_filter ] --START--
INFO: Run Behavior\WriteHtmlCacheBehavior [ RunTime:0.000027s ]
INFO: [ view_filter ] --END-- [ RunTime:0.000044s ]

[ 2017-12-24T04:43:31+08:00 ] 116.62.209.27 /index.jsp
INFO: [ app_init ] --START--
INFO: Run Behavior\BuildLiteBehavior [ RunTime:0.000008s ]
INFO: [ app_init ] --END-- [ RunTime:0.000064s ]
INFO: [ app_begin ] --START--
INFO: Run Behavior\ReadHtmlCacheBehavior [ RunTime:0.000024s ]
INFO: [ app_begin ] --END-- [ RunTime:0.000045s ]
ERR: 无法加载控制器:Index.jsp

[ 2017-12-24T04:43:31+08:00 ] 116.62.209.27 /admin/
INFO: [ app_init ] --START--
INFO: Run Behavior\BuildLiteBehavior [ RunTime:0.000007s ]
INFO: [ app_init ] --END-- [ RunTime:0.000046s ]
INFO: [ app_begin ] --START--
INFO: Run Behavior\ReadHtmlCacheBehavior [ RunTime:0.000021s ]
INFO: [ app_begin ] --END-- [ RunTime:0.000041s ]
ERR: 无法加载控制器:Admin

[ 2017-12-24T04:43:31+08:00 ] 116.62.209.27 /robots.txt
INFO: [ app_init ] --START--
INFO: Run Behavior\BuildLiteBehavior [ RunTime:0.000009s ]
INFO: [ app_init ] --END-- [ RunTime:0.000072s ]
INFO: [ app_begin ] --START--
INFO: Run Behavior\ReadHtmlCacheBehavior [ RunTime:0.000023s ]
INFO: [ app_begin ] --END-- [ RunTime:0.000045s ]
ERR: 无法加载控制器:Robots.txt

[ 2017-12-24T04:43:31+08:00 ] 116.62.209.27 /README
INFO: [ app_init ] --START--
INFO: Run Behavior\BuildLiteBehavior [ RunTime:0.000008s ]
INFO: [ app_init ] --END-- [ RunTime:0.000051s ]
INFO: [ app_begin ] --START--
INFO: Run Behavior\ReadHtmlCacheBehavior [ RunTime:0.000025s ]
INFO: [ app_begin ] --END-- [ RunTime:0.000049s ]
ERR: 无法加载控制器:README

[ 2017-12-24T04:43:32+08:00 ] 116.62.209.27 /uddiexplorer/SearchPublicRegistries.jsp
INFO: [ app_init ] --START--
INFO: Run Behavior\BuildLiteBehavior [ RunTime:0.000008s ]
INFO: [ app_init ] --END-- [ RunTime:0.000057s ]
INFO: [ app_begin ] --START--
INFO: Run Behavior\ReadHtmlCacheBehavior [ RunTime:0.000024s ]
INFO: [ app_begin ] --END-- [ RunTime:0.000044s ]
ERR: 无法加载控制器:Uddiexplorer

[ 2017-12-24T04:43:32+08:00 ] 116.62.209.27 /static/.gitignore
INFO: [ app_init ] --START--
INFO: Run Behavior\BuildLiteBehavior [ RunTime:0.000009s ]
INFO: [ app_init ] --END-- [ RunTime:0.000053s ]
INFO: [ app_begin ] --START--
INFO: Run Behavior\ReadHtmlCacheBehavior [ RunTime:0.000025s ]
INFO: [ app_begin ] --END-- [ RunTime:0.000050s ]
ERR: 无法加载控制器:Static

[ 2017-12-24T04:43:32+08:00 ] 116.62.209.27 /4e5e5d7364f443e28fbf0d3ae744a59a
INFO: [ app_init ] --START--
INFO: Run Behavior\BuildLiteBehavior [ RunTime:0.000023s ]
INFO: [ app_init ] --END-- [ RunTime:0.000067s ]
INFO: [ app_begin ] --START--
INFO: Run Behavior\ReadHtmlCacheBehavior [ RunTime:0.000026s ]
INFO: [ app_begin ] --END-- [ RunTime:0.000048s ]

[ 2017-12-24T04:43:32+08:00 ] 116.62.209.27 /?c=4e5e5d7364f443e28fbf0d3ae744a59a
INFO: [ app_init ] --START--
INFO: Run Behavior\BuildLiteBehavior [ RunTime:0.000007s ]
INFO: [ app_init ] --END-- [ RunTime:0.000049s ]
INFO: [ app_begin ] --START--
INFO: Run Behavior\ReadHtmlCacheBehavior [ RunTime:0.000023s ]
INFO: [ app_begin ] --END-- [ RunTime:0.000044s ]

[ 2017-12-24T04:43:32+08:00 ] 116.62.209.27 /phpMyAdmin/
INFO: [ app_init ] --START--
INFO: Run Behavior\BuildLiteBehavior [ RunTime:0.000008s ]
INFO: [ app_init ] --END-- [ RunTime:0.000071s ]
INFO: [ app_begin ] --START--
INFO: Run Behavior\ReadHtmlCacheBehavior [ RunTime:0.000023s ]
INFO: [ app_begin ] --END-- [ RunTime:0.000044s ]
ERR: 无法加载控制器:PhpMyAdmin

[ 2017-12-24T04:43:32+08:00 ] 116.62.209.27 /phpmyadmin/
INFO: [ app_init ] --START--
INFO: Run Behavior\BuildLiteBehavior [ RunTime:0.000007s ]
INFO: [ app_init ] --END-- [ RunTime:0.000049s ]
INFO: [ app_begin ] --START--
INFO: Run Behavior\ReadHtmlCacheBehavior [ RunTime:0.000022s ]
INFO: [ app_begin ] --END-- [ RunTime:0.000044s ]
ERR: 无法加载控制器:Phpmyadmin

[ 2017-12-24T04:43:32+08:00 ] 116.62.209.27 /pma/
INFO: [ app_init ] --START--
INFO: Run Behavior\BuildLiteBehavior [ RunTime:0.000007s ]
INFO: [ app_init ] --END-- [ RunTime:0.000044s ]
INFO: [ app_begin ] --START--
INFO: Run Behavior\ReadHtmlCacheBehavior [ RunTime:0.000022s ]
INFO: [ app_begin ] --END-- [ RunTime:0.000049s ]
ERR: 无法加载控制器:Pma

[ 2017-12-24T04:43:32+08:00 ] 116.62.209.27 /pmd/
INFO: [ app_init ] --START--
INFO: Run Behavior\BuildLiteBehavior [ RunTime:0.000007s ]
INFO: [ app_init ] --END-- [ RunTime:0.000044s ]
INFO: [ app_begin ] --START--
INFO: Run Behavior\ReadHtmlCacheBehavior [ RunTime:0.000021s ]
INFO: [ app_begin ] --END-- [ RunTime:0.000042s ]
ERR: 无法加载控制器:Pmd

[ 2017-12-24T04:43:32+08:00 ] 116.62.209.27 /solr/
INFO: [ app_init ] --START--
INFO: Run Behavior\BuildLiteBehavior [ RunTime:0.000008s ]
INFO: [ app_init ] --END-- [ RunTime:0.000044s ]
INFO: [ app_begin ] --START--
INFO: Run Behavior\ReadHtmlCacheBehavior [ RunTime:0.000021s ]
INFO: [ app_begin ] --END-- [ RunTime:0.000041s ]
ERR: 无法加载控制器:Solr

[ 2017-12-24T04:43:32+08:00 ] 116.62.209.27 /wcm/
INFO: [ app_init ] --START--
INFO: Run Behavior\BuildLiteBehavior [ RunTime:0.000007s ]
INFO: [ app_init ] --END-- [ RunTime:0.000051s ]
INFO: [ app_begin ] --START--
INFO: Run Behavior\ReadHtmlCacheBehavior [ RunTime:0.000025s ]
INFO: [ app_begin ] --END-- [ RunTime:0.000047s ]
ERR: 无法加载控制器:Wcm

[ 2017-12-24T12:35:53+08:00 ] 117.136.40.57 /
INFO: [ app_init ] --START--
INFO: Run Behavior\BuildLiteBehavior [ RunTime:0.000009s ]
INFO: [ app_init ] --END-- [ RunTime:0.000065s ]
INFO: [ app_begin ] --START--
INFO: Run Behavior\ReadHtmlCacheBehavior [ RunTime:0.000026s ]
INFO: [ app_begin ] --END-- [ RunTime:0.000053s ]
INFO: [ view_parse ] --START--
INFO: [ template_filter ] --START--
INFO: Run Behavior\ContentReplaceBehavior [ RunTime:0.000022s ]
INFO: [ template_filter ] --END-- [ RunTime:0.000045s ]
INFO: Run Behavior\ParseTemplateBehavior [ RunTime:0.001058s ]
INFO: [ view_parse ] --END-- [ RunTime:0.001084s ]
INFO: [ view_filter ] --START--
INFO: Run Behavior\WriteHtmlCacheBehavior [ RunTime:0.000027s ]
INFO: [ view_filter ] --END-- [ RunTime:0.000041s ]

[ 2017-12-24T12:35:59+08:00 ] 117.136.40.57 /
INFO: [ app_init ] --START--
INFO: Run Behavior\BuildLiteBehavior [ RunTime:0.000009s ]
INFO: [ app_init ] --END-- [ RunTime:0.000075s ]
INFO: [ app_begin ] --START--
INFO: Run Behavior\ReadHtmlCacheBehavior [ RunTime:0.000024s ]
INFO: [ app_begin ] --END-- [ RunTime:0.000047s ]
INFO: [ view_parse ] --START--
INFO: [ template_filter ] --START--
INFO: Run Behavior\ContentReplaceBehavior [ RunTime:0.000021s ]
INFO: [ template_filter ] --END-- [ RunTime:0.000045s ]
INFO: Run Behavior\ParseTemplateBehavior [ RunTime:0.002580s ]
INFO: [ view_parse ] --END-- [ RunTime:0.002607s ]
INFO: [ view_filter ] --START--
INFO: Run Behavior\WriteHtmlCacheBehavior [ RunTime:0.000024s ]
INFO: [ view_filter ] --END-- [ RunTime:0.000039s ]

[ 2017-12-24T14:06:17+08:00 ] 106.11.242.225 /
INFO: [ app_init ] --START--
INFO: Run Behavior\BuildLiteBehavior [ RunTime:0.000009s ]
INFO: [ app_init ] --END-- [ RunTime:0.000068s ]
INFO: [ app_begin ] --START--
INFO: Run Behavior\ReadHtmlCacheBehavior [ RunTime:0.000030s ]
INFO: [ app_begin ] --END-- [ RunTime:0.000062s ]
INFO: [ view_parse ] --START--
INFO: [ template_filter ] --START--
INFO: Run Behavior\ContentReplaceBehavior [ RunTime:0.000023s ]
INFO: [ template_filter ] --END-- [ RunTime:0.000053s ]
INFO: Run Behavior\ParseTemplateBehavior [ RunTime:0.001249s ]
INFO: [ view_parse ] --END-- [ RunTime:0.001278s ]
INFO: [ view_filter ] --START--
INFO: Run Behavior\WriteHtmlCacheBehavior [ RunTime:0.000040s ]
INFO: [ view_filter ] --END-- [ RunTime:0.000059s ]

[ 2017-12-24T18:40:39+08:00 ] 14.215.161.197 /
INFO: [ app_init ] --START--
INFO: Run Behavior\BuildLiteBehavior [ RunTime:0.000008s ]
INFO: [ app_init ] --END-- [ RunTime:0.000065s ]
INFO: [ app_begin ] --START--
INFO: Run Behavior\ReadHtmlCacheBehavior [ RunTime:0.000027s ]
INFO: [ app_begin ] --END-- [ RunTime:0.000053s ]
INFO: [ view_parse ] --START--
INFO: [ template_filter ] --START--
INFO: Run Behavior\ContentReplaceBehavior [ RunTime:0.000026s ]
INFO: [ template_filter ] --END-- [ RunTime:0.000049s ]
INFO: Run Behavior\ParseTemplateBehavior [ RunTime:0.001081s ]
INFO: [ view_parse ] --END-- [ RunTime:0.001107s ]
INFO: [ view_filter ] --START--
INFO: Run Behavior\WriteHtmlCacheBehavior [ RunTime:0.000028s ]
INFO: [ view_filter ] --END-- [ RunTime:0.000043s ]

[ 2017-12-24T18:40:43+08:00 ] 223.104.63.60 /Usermanage/login.html
INFO: [ app_init ] --START--
INFO: Run Behavior\BuildLiteBehavior [ RunTime:0.000009s ]
INFO: [ app_init ] --END-- [ RunTime:0.000060s ]
INFO: [ app_begin ] --START--
INFO: Run Behavior\ReadHtmlCacheBehavior [ RunTime:0.000025s ]
INFO: [ app_begin ] --END-- [ RunTime:0.000047s ]
INFO: [ view_parse ] --START--
INFO: [ template_filter ] --START--
INFO: Run Behavior\ContentReplaceBehavior [ RunTime:0.000026s ]
INFO: [ template_filter ] --END-- [ RunTime:0.000053s ]
NOTIC: [8] Undefined index: online /data/wwwroot/default/paint/Application/Runtime/Cache/Admin/f91b7e67b71a29642252439201dea153.php 第 53 行.
NOTIC: [8] Undefined index: online /data/wwwroot/default/paint/Application/Runtime/Cache/Admin/f91b7e67b71a29642252439201dea153.php 第 62 行.
NOTIC: [8] Undefined index: online /data/wwwroot/default/paint/Application/Runtime/Cache/Admin/f91b7e67b71a29642252439201dea153.php 第 71 行.
NOTIC: [8] Undefined index: online /data/wwwroot/default/paint/Application/Runtime/Cache/Admin/f91b7e67b71a29642252439201dea153.php 第 80 行.
INFO: Run Behavior\ParseTemplateBehavior [ RunTime:0.002175s ]
INFO: [ view_parse ] --END-- [ RunTime:0.002204s ]
INFO: [ view_filter ] --START--
INFO: Run Behavior\WriteHtmlCacheBehavior [ RunTime:0.000024s ]
INFO: [ view_filter ] --END-- [ RunTime:0.000040s ]
INFO: [ app_end ] --START--
INFO: Run Behavior\ShowPageTraceBehavior [ RunTime:0.000026s ]
INFO: [ app_end ] --END-- [ RunTime:0.000040s ]

[ 2017-12-24T18:40:44+08:00 ] 223.104.63.60 /Usermanage/img.html
INFO: [ app_init ] --START--
INFO: Run Behavior\BuildLiteBehavior [ RunTime:0.000010s ]
INFO: [ app_init ] --END-- [ RunTime:0.000063s ]
INFO: [ app_begin ] --START--
INFO: Run Behavior\ReadHtmlCacheBehavior [ RunTime:0.000026s ]
INFO: [ app_begin ] --END-- [ RunTime:0.000050s ]
INFO: [ app_end ] --START--
INFO: Run Behavior\ShowPageTraceBehavior [ RunTime:0.000029s ]
INFO: [ app_end ] --END-- [ RunTime:0.000060s ]

[ 2017-12-24T18:41:48+08:00 ] 223.104.63.60 /Usermanage/doLogin.html
INFO: [ app_init ] --START--
INFO: Run Behavior\BuildLiteBehavior [ RunTime:0.000009s ]
INFO: [ app_init ] --END-- [ RunTime:0.000064s ]
INFO: [ app_begin ] --START--
INFO: Run Behavior\ReadHtmlCacheBehavior [ RunTime:0.000026s ]
INFO: [ app_begin ] --END-- [ RunTime:0.000047s ]
SQL: SHOW COLUMNS FROM `mb_manager` [ RunTime:0.0008s ]
SQL: SELECT * FROM `mb_manager` as mg LEFT JOIN mb_role as ro on mg.mg_role_id = ro.role_id  WHERE ( mg.mg_name='jinjuyun' )  [ RunTime:0.0012s ]

[ 2017-12-24T18:42:08+08:00 ] 223.104.63.60 /Usermanage/doLogin.html
INFO: [ app_init ] --START--
INFO: Run Behavior\BuildLiteBehavior [ RunTime:0.000027s ]
INFO: [ app_init ] --END-- [ RunTime:0.000081s ]
INFO: [ app_begin ] --START--
INFO: Run Behavior\ReadHtmlCacheBehavior [ RunTime:0.000024s ]
INFO: [ app_begin ] --END-- [ RunTime:0.000056s ]
SQL: SHOW COLUMNS FROM `mb_manager` [ RunTime:0.0005s ]
NOTIC: [8] Undefined index: status /data/wwwroot/default/paint/Application/Admin/Controller/UsermanageController.class.php 第 40 行.

[ 2017-12-24T18:42:18+08:00 ] 223.104.63.60 /Usermanage/login.html
INFO: [ app_init ] --START--
INFO: Run Behavior\BuildLiteBehavior [ RunTime:0.000009s ]
INFO: [ app_init ] --END-- [ RunTime:0.000061s ]
INFO: [ app_begin ] --START--
INFO: Run Behavior\ReadHtmlCacheBehavior [ RunTime:0.000023s ]
INFO: [ app_begin ] --END-- [ RunTime:0.000044s ]
INFO: [ view_parse ] --START--
INFO: [ template_filter ] --START--
INFO: Run Behavior\ContentReplaceBehavior [ RunTime:0.000027s ]
INFO: [ template_filter ] --END-- [ RunTime:0.000060s ]
NOTIC: [8] Undefined index: online /data/wwwroot/default/paint/Application/Runtime/Cache/Admin/f91b7e67b71a29642252439201dea153.php 第 53 行.
NOTIC: [8] Undefined index: online /data/wwwroot/default/paint/Application/Runtime/Cache/Admin/f91b7e67b71a29642252439201dea153.php 第 62 行.
NOTIC: [8] Undefined index: online /data/wwwroot/default/paint/Application/Runtime/Cache/Admin/f91b7e67b71a29642252439201dea153.php 第 71 行.
NOTIC: [8] Undefined index: online /data/wwwroot/default/paint/Application/Runtime/Cache/Admin/f91b7e67b71a29642252439201dea153.php 第 80 行.
INFO: Run Behavior\ParseTemplateBehavior [ RunTime:0.002250s ]
INFO: [ view_parse ] --END-- [ RunTime:0.002272s ]
INFO: [ view_filter ] --START--
INFO: Run Behavior\WriteHtmlCacheBehavior [ RunTime:0.000030s ]
INFO: [ view_filter ] --END-- [ RunTime:0.000046s ]
INFO: [ app_end ] --START--
INFO: Run Behavior\ShowPageTraceBehavior [ RunTime:0.000023s ]
INFO: [ app_end ] --END-- [ RunTime:0.000039s ]

[ 2017-12-24T18:42:18+08:00 ] 223.104.63.60 /Usermanage/img.html
INFO: [ app_init ] --START--
INFO: Run Behavior\BuildLiteBehavior [ RunTime:0.000009s ]
INFO: [ app_init ] --END-- [ RunTime:0.000059s ]
INFO: [ app_begin ] --START--
INFO: Run Behavior\ReadHtmlCacheBehavior [ RunTime:0.000023s ]
INFO: [ app_begin ] --END-- [ RunTime:0.000044s ]
INFO: [ app_end ] --START--
INFO: Run Behavior\ShowPageTraceBehavior [ RunTime:0.000026s ]
INFO: [ app_end ] --END-- [ RunTime:0.000052s ]

[ 2017-12-24T19:08:15+08:00 ] 42.156.251.206 /
INFO: [ app_init ] --START--
INFO: Run Behavior\BuildLiteBehavior [ RunTime:0.000009s ]
INFO: [ app_init ] --END-- [ RunTime:0.000069s ]
INFO: [ app_begin ] --START--
INFO: Run Behavior\ReadHtmlCacheBehavior [ RunTime:0.000045s ]
INFO: [ app_begin ] --END-- [ RunTime:0.000083s ]
INFO: [ view_parse ] --START--
INFO: [ template_filter ] --START--
INFO: Run Behavior\ContentReplaceBehavior [ RunTime:0.000032s ]
INFO: [ template_filter ] --END-- [ RunTime:0.000060s ]
INFO: Run Behavior\ParseTemplateBehavior [ RunTime:0.001216s ]
INFO: [ view_parse ] --END-- [ RunTime:0.001246s ]
INFO: [ view_filter ] --START--
INFO: Run Behavior\WriteHtmlCacheBehavior [ RunTime:0.000033s ]
INFO: [ view_filter ] --END-- [ RunTime:0.000051s ]

[ 2017-12-24T19:08:15+08:00 ] 42.156.251.206 /
INFO: [ app_init ] --START--
INFO: Run Behavior\BuildLiteBehavior [ RunTime:0.000009s ]
INFO: [ app_init ] --END-- [ RunTime:0.000058s ]
INFO: [ app_begin ] --START--
INFO: Run Behavior\ReadHtmlCacheBehavior [ RunTime:0.000025s ]
INFO: [ app_begin ] --END-- [ RunTime:0.000045s ]
INFO: [ view_parse ] --START--
INFO: [ template_filter ] --START--
INFO: Run Behavior\ContentReplaceBehavior [ RunTime:0.000023s ]
INFO: [ template_filter ] --END-- [ RunTime:0.000048s ]
INFO: Run Behavior\ParseTemplateBehavior [ RunTime:0.001162s ]
INFO: [ view_parse ] --END-- [ RunTime:0.001191s ]
INFO: [ view_filter ] --START--
INFO: Run Behavior\WriteHtmlCacheBehavior [ RunTime:0.000026s ]
INFO: [ view_filter ] --END-- [ RunTime:0.000043s ]

[ 2017-12-24T19:33:28+08:00 ] 113.96.218.51 /
INFO: [ app_init ] --START--
INFO: Run Behavior\BuildLiteBehavior [ RunTime:0.000008s ]
INFO: [ app_init ] --END-- [ RunTime:0.000065s ]
INFO: [ app_begin ] --START--
INFO: Run Behavior\ReadHtmlCacheBehavior [ RunTime:0.000025s ]
INFO: [ app_begin ] --END-- [ RunTime:0.000046s ]
INFO: [ view_parse ] --START--
INFO: [ template_filter ] --START--
INFO: Run Behavior\ContentReplaceBehavior [ RunTime:0.000023s ]
INFO: [ template_filter ] --END-- [ RunTime:0.000047s ]
INFO: Run Behavior\ParseTemplateBehavior [ RunTime:0.001083s ]
INFO: [ view_parse ] --END-- [ RunTime:0.001110s ]
INFO: [ view_filter ] --START--
INFO: Run Behavior\WriteHtmlCacheBehavior [ RunTime:0.000027s ]
INFO: [ view_filter ] --END-- [ RunTime:0.000043s ]

[ 2017-12-24T19:51:15+08:00 ] 113.82.27.2 /Usermanage/login.html
INFO: [ app_init ] --START--
INFO: Run Behavior\BuildLiteBehavior [ RunTime:0.000009s ]
INFO: [ app_init ] --END-- [ RunTime:0.000068s ]
INFO: [ app_begin ] --START--
INFO: Run Behavior\ReadHtmlCacheBehavior [ RunTime:0.000032s ]
INFO: [ app_begin ] --END-- [ RunTime:0.000057s ]
INFO: [ view_parse ] --START--
INFO: [ template_filter ] --START--
INFO: Run Behavior\ContentReplaceBehavior [ RunTime:0.000030s ]
INFO: [ template_filter ] --END-- [ RunTime:0.000060s ]
NOTIC: [8] Undefined index: online /data/wwwroot/default/paint/Application/Runtime/Cache/Admin/f91b7e67b71a29642252439201dea153.php 第 53 行.
NOTIC: [8] Undefined index: online /data/wwwroot/default/paint/Application/Runtime/Cache/Admin/f91b7e67b71a29642252439201dea153.php 第 62 行.
NOTIC: [8] Undefined index: online /data/wwwroot/default/paint/Application/Runtime/Cache/Admin/f91b7e67b71a29642252439201dea153.php 第 71 行.
NOTIC: [8] Undefined index: online /data/wwwroot/default/paint/Application/Runtime/Cache/Admin/f91b7e67b71a29642252439201dea153.php 第 80 行.
INFO: Run Behavior\ParseTemplateBehavior [ RunTime:0.002415s ]
INFO: [ view_parse ] --END-- [ RunTime:0.002441s ]
INFO: [ view_filter ] --START--
INFO: Run Behavior\WriteHtmlCacheBehavior [ RunTime:0.000030s ]
INFO: [ view_filter ] --END-- [ RunTime:0.000047s ]
INFO: [ app_end ] --START--
INFO: Run Behavior\ShowPageTraceBehavior [ RunTime:0.000023s ]
INFO: [ app_end ] --END-- [ RunTime:0.000040s ]

[ 2017-12-24T19:51:15+08:00 ] 113.82.27.2 /Usermanage/img.html
INFO: [ app_init ] --START--
INFO: Run Behavior\BuildLiteBehavior [ RunTime:0.000009s ]
INFO: [ app_init ] --END-- [ RunTime:0.000066s ]
INFO: [ app_begin ] --START--
INFO: Run Behavior\ReadHtmlCacheBehavior [ RunTime:0.000023s ]
INFO: [ app_begin ] --END-- [ RunTime:0.000043s ]
INFO: [ app_end ] --START--
INFO: Run Behavior\ShowPageTraceBehavior [ RunTime:0.000025s ]
INFO: [ app_end ] --END-- [ RunTime:0.000051s ]

[ 2017-12-24T19:51:32+08:00 ] 113.82.27.2 /Usermanage/doLogin.html
INFO: [ app_init ] --START--
INFO: Run Behavior\BuildLiteBehavior [ RunTime:0.000009s ]
INFO: [ app_init ] --END-- [ RunTime:0.000063s ]
INFO: [ app_begin ] --START--
INFO: Run Behavior\ReadHtmlCacheBehavior [ RunTime:0.000032s ]
INFO: [ app_begin ] --END-- [ RunTime:0.000056s ]
SQL: SHOW COLUMNS FROM `mb_manager` [ RunTime:0.0005s ]
SQL: SELECT * FROM `mb_manager` as mg LEFT JOIN mb_role as ro on mg.mg_role_id = ro.role_id  WHERE ( mg.mg_name='admin' )  [ RunTime:0.0002s ]

[ 2017-12-24T19:51:33+08:00 ] 113.82.27.2 /Index/index.html
INFO: [ app_init ] --START--
INFO: Run Behavior\BuildLiteBehavior [ RunTime:0.000009s ]
INFO: [ app_init ] --END-- [ RunTime:0.000076s ]
INFO: [ app_begin ] --START--
INFO: Run Behavior\ReadHtmlCacheBehavior [ RunTime:0.000028s ]
INFO: [ app_begin ] --END-- [ RunTime:0.000057s ]
SQL: SHOW COLUMNS FROM `mb_manager` [ RunTime:0.0005s ]
SQL: SHOW COLUMNS FROM `mb_auth` [ RunTime:0.0006s ]
SQL: SELECT * FROM `mb_manager` WHERE ( mg_id=1 )  [ RunTime:0.0002s ]
SQL: SHOW COLUMNS FROM `mb_role` [ RunTime:0.0003s ]
SQL: SELECT * FROM `mb_role` WHERE ( role_id=1 )  [ RunTime:0.0001s ]
SQL: SELECT * FROM `mb_auth` WHERE `auth_id` IN ('1','2','3','4','124','125','126','127','128','129','130','131','132','133','134','135','136') AND `auth_level` = 0 ORDER BY auth_id asc  [ RunTime:0.0003s ]
SQL: SELECT * FROM `mb_auth` WHERE `auth_id` IN ('1','2','3','4','124','125','126','127','128','129','130','131','132','133','134','135','136') AND `auth_level` = 1 ORDER BY auth_id asc  [ RunTime:0.0002s ]
INFO: [ view_parse ] --START--
INFO: [ template_filter ] --START--
INFO: Run Behavior\ContentReplaceBehavior [ RunTime:0.000039s ]
INFO: [ template_filter ] --END-- [ RunTime:0.000065s ]
NOTIC: [8] Undefined index: username /data/wwwroot/default/paint/Application/Runtime/Cache/Admin/b595b808c2ebeeeb0478ffc30bb4e87a.php 第 109 行.
INFO: Run Behavior\ParseTemplateBehavior [ RunTime:0.003156s ]
INFO: [ view_parse ] --END-- [ RunTime:0.003181s ]
INFO: [ view_filter ] --START--
INFO: Run Behavior\WriteHtmlCacheBehavior [ RunTime:0.000025s ]
INFO: [ view_filter ] --END-- [ RunTime:0.000040s ]
INFO: [ app_end ] --START--
INFO: Run Behavior\ShowPageTraceBehavior [ RunTime:0.000022s ]
INFO: [ app_end ] --END-- [ RunTime:0.000041s ]

[ 2017-12-24T19:51:34+08:00 ] 113.82.27.2 /Index/mydesktop.html
INFO: [ app_init ] --START--
INFO: Run Behavior\BuildLiteBehavior [ RunTime:0.000008s ]
INFO: [ app_init ] --END-- [ RunTime:0.000062s ]
INFO: [ app_begin ] --START--
INFO: Run Behavior\ReadHtmlCacheBehavior [ RunTime:0.000024s ]
INFO: [ app_begin ] --END-- [ RunTime:0.000045s ]
SQL: SHOW COLUMNS FROM `mb_manager` [ RunTime:0.0005s ]
INFO: [ view_parse ] --START--
INFO: [ template_filter ] --START--
INFO: Run Behavior\ContentReplaceBehavior [ RunTime:0.000023s ]
INFO: [ template_filter ] --END-- [ RunTime:0.000050s ]
INFO: Run Behavior\ParseTemplateBehavior [ RunTime:0.001297s ]
INFO: [ view_parse ] --END-- [ RunTime:0.001326s ]
INFO: [ view_filter ] --START--
INFO: Run Behavior\WriteHtmlCacheBehavior [ RunTime:0.000023s ]
INFO: [ view_filter ] --END-- [ RunTime:0.000039s ]
INFO: [ app_end ] --START--
INFO: Run Behavior\ShowPageTraceBehavior [ RunTime:0.000019s ]
INFO: [ app_end ] --END-- [ RunTime:0.000035s ]

[ 2017-12-24T19:51:34+08:00 ] 113.82.27.2 /Index/index.html
INFO: [ app_init ] --START--
INFO: Run Behavior\BuildLiteBehavior [ RunTime:0.000009s ]
INFO: [ app_init ] --END-- [ RunTime:0.000059s ]
INFO: [ app_begin ] --START--
INFO: Run Behavior\ReadHtmlCacheBehavior [ RunTime:0.000023s ]
INFO: [ app_begin ] --END-- [ RunTime:0.000043s ]
SQL: SHOW COLUMNS FROM `mb_manager` [ RunTime:0.0004s ]
SQL: SHOW COLUMNS FROM `mb_auth` [ RunTime:0.0003s ]
SQL: SELECT * FROM `mb_manager` WHERE ( mg_id=1 )  [ RunTime:0.0001s ]
SQL: SHOW COLUMNS FROM `mb_role` [ RunTime:0.0002s ]
SQL: SELECT * FROM `mb_role` WHERE ( role_id=1 )  [ RunTime:0.0001s ]
SQL: SELECT * FROM `mb_auth` WHERE `auth_id` IN ('1','2','3','4','124','125','126','127','128','129','130','131','132','133','134','135','136') AND `auth_level` = 0 ORDER BY auth_id asc  [ RunTime:0.0001s ]
SQL: SELECT * FROM `mb_auth` WHERE `auth_id` IN ('1','2','3','4','124','125','126','127','128','129','130','131','132','133','134','135','136') AND `auth_level` = 1 ORDER BY auth_id asc  [ RunTime:0.0001s ]
INFO: [ view_parse ] --START--
INFO: [ template_filter ] --START--
INFO: Run Behavior\ContentReplaceBehavior [ RunTime:0.000041s ]
INFO: [ template_filter ] --END-- [ RunTime:0.000067s ]
NOTIC: [8] Undefined index: username /data/wwwroot/default/paint/Application/Runtime/Cache/Admin/b595b808c2ebeeeb0478ffc30bb4e87a.php 第 109 行.
INFO: Run Behavior\ParseTemplateBehavior [ RunTime:0.003188s ]
INFO: [ view_parse ] --END-- [ RunTime:0.003210s ]
INFO: [ view_filter ] --START--
INFO: Run Behavior\WriteHtmlCacheBehavior [ RunTime:0.000022s ]
INFO: [ view_filter ] --END-- [ RunTime:0.000037s ]
INFO: [ app_end ] --START--
INFO: Run Behavior\ShowPageTraceBehavior [ RunTime:0.000021s ]
INFO: [ app_end ] --END-- [ RunTime:0.000038s ]

[ 2017-12-24T19:51:34+08:00 ] 113.82.27.2 /Index/mydesktop.html
INFO: [ app_init ] --START--
INFO: Run Behavior\BuildLiteBehavior [ RunTime:0.000015s ]
INFO: [ app_init ] --END-- [ RunTime:0.000080s ]
INFO: [ app_begin ] --START--
INFO: Run Behavior\ReadHtmlCacheBehavior [ RunTime:0.000025s ]
INFO: [ app_begin ] --END-- [ RunTime:0.000047s ]
SQL: SHOW COLUMNS FROM `mb_manager` [ RunTime:0.0004s ]
INFO: [ view_parse ] --START--
INFO: [ template_filter ] --START--
INFO: Run Behavior\ContentReplaceBehavior [ RunTime:0.000023s ]
INFO: [ template_filter ] --END-- [ RunTime:0.000046s ]
INFO: Run Behavior\ParseTemplateBehavior [ RunTime:0.001279s ]
INFO: [ view_parse ] --END-- [ RunTime:0.001307s ]
INFO: [ view_filter ] --START--
INFO: Run Behavior\WriteHtmlCacheBehavior [ RunTime:0.000024s ]
INFO: [ view_filter ] --END-- [ RunTime:0.000039s ]
INFO: [ app_end ] --START--
INFO: Run Behavior\ShowPageTraceBehavior [ RunTime:0.000020s ]
INFO: [ app_end ] --END-- [ RunTime:0.000036s ]

[ 2017-12-24T19:51:38+08:00 ] 113.82.27.2 /User/showlist.html
INFO: [ app_init ] --START--
INFO: Run Behavior\BuildLiteBehavior [ RunTime:0.000009s ]
INFO: [ app_init ] --END-- [ RunTime:0.000070s ]
INFO: [ app_begin ] --START--
INFO: Run Behavior\ReadHtmlCacheBehavior [ RunTime:0.000026s ]
INFO: [ app_begin ] --END-- [ RunTime:0.000051s ]
SQL: SHOW COLUMNS FROM `mb_user` [ RunTime:0.0012s ]
NOTIC: [8] Undefined variable: where /data/wwwroot/default/paint/Application/Admin/Controller/UserController.class.php 第 51 行.
SQL: SELECT COUNT(*) AS tp_count FROM `mb_user` LIMIT 1   [ RunTime:0.0001s ]
NOTIC: [2] Missing argument 3 for Component\Page::__construct(), called in /data/wwwroot/default/paint/Application/Admin/Controller/UserController.class.php on line 52 and defined /data/wwwroot/default/paint/Application/Component/Page.class.php 第 18 行.
NOTIC: [8] Undefined variable: rank /data/wwwroot/default/paint/Application/Component/Page.class.php 第 19 行.
NOTIC: [8] Undefined index: row /data/wwwroot/default/paint/Application/Component/Page.class.php 第 22 行.
NOTIC: [8] Undefined variable: where /data/wwwroot/default/paint/Application/Admin/Controller/UserController.class.php 第 54 行.
SQL: SELECT * FROM `mb_user` ORDER BY time desc LIMIT 0,20   [ RunTime:0.0005s ]
SQL: SELECT * FROM `mb_user` WHERE ( introducer=71 )  [ RunTime:0.0002s ]
SQL: SELECT * FROM `mb_user` WHERE ( introducer=71 )  [ RunTime:0.0001s ]
SQL: SHOW COLUMNS FROM `mb_money` [ RunTime:0.0003s ]
SQL: SELECT SUM(money) AS tp_sum FROM `mb_money` WHERE ( user_id=71 ) LIMIT 1   [ RunTime:0.0003s ]
SQL: SELECT * FROM `mb_user` WHERE ( id=0 )  [ RunTime:0.0001s ]
SQL: SELECT * FROM `mb_user` WHERE ( introducer=70 )  [ RunTime:0.0002s ]
SQL: SELECT * FROM `mb_user` WHERE ( introducer=70 )  [ RunTime:0.0001s ]
SQL: SELECT SUM(money) AS tp_sum FROM `mb_money` WHERE ( user_id=70 ) LIMIT 1   [ RunTime:0.0002s ]
SQL: SELECT * FROM `mb_user` WHERE ( id=0 )  [ RunTime:0.0001s ]
SQL: SELECT * FROM `mb_user` WHERE ( introducer=69 )  [ RunTime:0.0001s ]
SQL: SELECT * FROM `mb_user` WHERE ( introducer=69 )  [ RunTime:0.0001s ]
SQL: SELECT SUM(money) AS tp_sum FROM `mb_money` WHERE ( user_id=69 ) LIMIT 1   [ RunTime:0.0002s ]
SQL: SELECT * FROM `mb_user` WHERE ( id=55 )  [ RunTime:0.0001s ]
SQL: SELECT `pid` FROM `mb_user` WHERE ( id=29 ) LIMIT 1   [ RunTime:0.0001s ]
SQL: SELECT * FROM `mb_user` WHERE ( introducer=68 )  [ RunTime:0.0001s ]
SQL: SELECT * FROM `mb_user` WHERE ( introducer=68 )  [ RunTime:0.0001s ]
SQL: SELECT SUM(money) AS tp_sum FROM `mb_money` WHERE ( user_id=68 ) LIMIT 1   [ RunTime:0.0001s ]
SQL: SELECT * FROM `mb_user` WHERE ( id=55 )  [ RunTime:0.0001s ]
SQL: SELECT `pid` FROM `mb_user` WHERE ( id=29 ) LIMIT 1   [ RunTime:0.0000s ]
SQL: SELECT * FROM `mb_user` WHERE ( introducer=63 )  [ RunTime:0.0001s ]
SQL: SELECT COUNT(*) AS tp_count FROM `mb_user` WHERE ( introducer=65 ) LIMIT 1   [ RunTime:0.0001s ]
SQL: SELECT COUNT(*) AS tp_count FROM `mb_user` WHERE ( introducer=66 ) LIMIT 1   [ RunTime:0.0001s ]
SQL: SELECT * FROM `mb_user` WHERE ( introducer=63 )  [ RunTime:0.0001s ]
SQL: SELECT COUNT(*) AS tp_count FROM `mb_user` WHERE ( introducer=65 ) LIMIT 1   [ RunTime:0.0001s ]
SQL: SELECT COUNT(*) AS tp_count FROM `mb_user` WHERE ( introducer=66 ) LIMIT 1   [ RunTime:0.0001s ]
SQL: SELECT SUM(money) AS tp_sum FROM `mb_money` WHERE ( user_id=63 ) LIMIT 1   [ RunTime:0.0001s ]
SQL: SELECT * FROM `mb_user` WHERE ( id=0 )  [ RunTime:0.0001s ]
SQL: SELECT * FROM `mb_user` WHERE ( introducer=66 )  [ RunTime:0.0001s ]
SQL: SELECT * FROM `mb_user` WHERE ( introducer=66 )  [ RunTime:0.0001s ]
SQL: SELECT SUM(money) AS tp_sum FROM `mb_money` WHERE ( user_id=66 ) LIMIT 1   [ RunTime:0.0001s ]
SQL: SELECT * FROM `mb_user` WHERE ( id=63 )  [ RunTime:0.0001s ]
SQL: SELECT `pid` FROM `mb_user` WHERE ( id=0 ) LIMIT 1   [ RunTime:0.0001s ]
SQL: SELECT * FROM `mb_user` WHERE ( introducer=65 )  [ RunTime:0.0001s ]
SQL: SELECT * FROM `mb_user` WHERE ( introducer=65 )  [ RunTime:0.0001s ]
SQL: SELECT SUM(money) AS tp_sum FROM `mb_money` WHERE ( user_id=65 ) LIMIT 1   [ RunTime:0.0001s ]
SQL: SELECT * FROM `mb_user` WHERE ( id=63 )  [ RunTime:0.0001s ]
SQL: SELECT `pid` FROM `mb_user` WHERE ( id=0 ) LIMIT 1   [ RunTime:0.0000s ]
SQL: SELECT * FROM `mb_user` WHERE ( introducer=64 )  [ RunTime:0.0001s ]
SQL: SELECT * FROM `mb_user` WHERE ( introducer=64 )  [ RunTime:0.0001s ]
SQL: SELECT SUM(money) AS tp_sum FROM `mb_money` WHERE ( user_id=64 ) LIMIT 1   [ RunTime:0.0001s ]
SQL: SELECT * FROM `mb_user` WHERE ( id=0 )  [ RunTime:0.0001s ]
SQL: SELECT * FROM `mb_user` WHERE ( introducer=62 )  [ RunTime:0.0001s ]
SQL: SELECT * FROM `mb_user` WHERE ( introducer=62 )  [ RunTime:0.0001s ]
SQL: SELECT SUM(money) AS tp_sum FROM `mb_money` WHERE ( user_id=62 ) LIMIT 1   [ RunTime:0.0001s ]
SQL: SELECT * FROM `mb_user` WHERE ( id=0 )  [ RunTime:0.0001s ]
SQL: SELECT * FROM `mb_user` WHERE ( introducer=61 )  [ RunTime:0.0001s ]
SQL: SELECT * FROM `mb_user` WHERE ( introducer=61 )  [ RunTime:0.0001s ]
SQL: SELECT SUM(money) AS tp_sum FROM `mb_money` WHERE ( user_id=61 ) LIMIT 1   [ RunTime:0.0001s ]
SQL: SELECT * FROM `mb_user` WHERE ( id=0 )  [ RunTime:0.0001s ]
SQL: SELECT * FROM `mb_user` WHERE ( introducer=60 )  [ RunTime:0.0001s ]
SQL: SELECT * FROM `mb_user` WHERE ( introducer=60 )  [ RunTime:0.0001s ]
SQL: SELECT SUM(money) AS tp_sum FROM `mb_money` WHERE ( user_id=60 ) LIMIT 1   [ RunTime:0.0001s ]
SQL: SELECT * FROM `mb_user` WHERE ( id=55 )  [ RunTime:0.0001s ]
SQL: SELECT `pid` FROM `mb_user` WHERE ( id=29 ) LIMIT 1   [ RunTime:0.0001s ]
SQL: SELECT * FROM `mb_user` WHERE ( introducer=59 )  [ RunTime:0.0001s ]
SQL: SELECT * FROM `mb_user` WHERE ( introducer=59 )  [ RunTime:0.0001s ]
SQL: SELECT SUM(money) AS tp_sum FROM `mb_money` WHERE ( user_id=59 ) LIMIT 1   [ RunTime:0.0001s ]
SQL: SELECT * FROM `mb_user` WHERE ( id=29 )  [ RunTime:0.0001s ]
SQL: SELECT `pid` FROM `mb_user` WHERE ( id=22 ) LIMIT 1   [ RunTime:0.0001s ]
SQL: SELECT * FROM `mb_user` WHERE ( introducer=58 )  [ RunTime:0.0001s ]
SQL: SELECT * FROM `mb_user` WHERE ( introducer=58 )  [ RunTime:0.0001s ]
SQL: SELECT SUM(money) AS tp_sum FROM `mb_money` WHERE ( user_id=58 ) LIMIT 1   [ RunTime:0.0001s ]
SQL: SELECT * FROM `mb_user` WHERE ( id=57 )  [ RunTime:0.0001s ]
SQL: SELECT `pid` FROM `mb_user` WHERE ( id=55 ) LIMIT 1   [ RunTime:0.0001s ]
SQL: SELECT * FROM `mb_user` WHERE ( introducer=57 )  [ RunTime:0.0001s ]
SQL: SELECT COUNT(*) AS tp_count FROM `mb_user` WHERE ( introducer=58 ) LIMIT 1   [ RunTime:0.0001s ]
SQL: SELECT * FROM `mb_user` WHERE ( introducer=57 )  [ RunTime:0.0001s ]
SQL: SELECT COUNT(*) AS tp_count FROM `mb_user` WHERE ( introducer=58 ) LIMIT 1   [ RunTime:0.0000s ]
SQL: SELECT SUM(money) AS tp_sum FROM `mb_money` WHERE ( user_id=57 ) LIMIT 1   [ RunTime:0.0001s ]
SQL: SELECT * FROM `mb_user` WHERE ( id=55 )  [ RunTime:0.0001s ]
SQL: SELECT `pid` FROM `mb_user` WHERE ( id=29 ) LIMIT 1   [ RunTime:0.0000s ]
SQL: SELECT * FROM `mb_user` WHERE ( introducer=56 )  [ RunTime:0.0001s ]
SQL: SELECT * FROM `mb_user` WHERE ( introducer=56 )  [ RunTime:0.0001s ]
SQL: SELECT SUM(money) AS tp_sum FROM `mb_money` WHERE ( user_id=56 ) LIMIT 1   [ RunTime:0.0001s ]
SQL: SELECT * FROM `mb_user` WHERE ( id=29 )  [ RunTime:0.0001s ]
SQL: SELECT `pid` FROM `mb_user` WHERE ( id=22 ) LIMIT 1   [ RunTime:0.0001s ]
SQL: SELECT * FROM `mb_user` WHERE ( introducer=29 )  [ RunTime:0.0001s ]
SQL: SELECT COUNT(*) AS tp_count FROM `mb_user` WHERE ( introducer=55 ) LIMIT 1   [ RunTime:0.0001s ]
SQL: SELECT COUNT(*) AS tp_count FROM `mb_user` WHERE ( introducer=56 ) LIMIT 1   [ RunTime:0.0001s ]
SQL: SELECT COUNT(*) AS tp_count FROM `mb_user` WHERE ( introducer=59 ) LIMIT 1   [ RunTime:0.0001s ]
SQL: SELECT * FROM `mb_user` WHERE ( introducer=29 )  [ RunTime:0.0001s ]
SQL: SELECT COUNT(*) AS tp_count FROM `mb_user` WHERE ( introducer=55 ) LIMIT 1   [ RunTime:0.0001s ]
SQL: SELECT COUNT(*) AS tp_count FROM `mb_user` WHERE ( introducer=56 ) LIMIT 1   [ RunTime:0.0001s ]
SQL: SELECT COUNT(*) AS tp_count FROM `mb_user` WHERE ( introducer=59 ) LIMIT 1   [ RunTime:0.0001s ]
SQL: SELECT SUM(money) AS tp_sum FROM `mb_money` WHERE ( user_id=29 ) LIMIT 1   [ RunTime:0.0001s ]
SQL: SELECT * FROM `mb_user` WHERE ( id=22 )  [ RunTime:0.0001s ]
SQL: SELECT * FROM `mb_user` WHERE ( introducer=47 )  [ RunTime:0.0001s ]
SQL: SELECT * FROM `mb_user` WHERE ( introducer=47 )  [ RunTime:0.0001s ]
SQL: SELECT SUM(money) AS tp_sum FROM `mb_money` WHERE ( user_id=47 ) LIMIT 1   [ RunTime:0.0001s ]
SQL: SELECT * FROM `mb_user` WHERE ( id=0 )  [ RunTime:0.0001s ]
SQL: SELECT * FROM `mb_user` WHERE ( introducer=55 )  [ RunTime:0.0001s ]
SQL: SELECT COUNT(*) AS tp_count FROM `mb_user` WHERE ( introducer=57 ) LIMIT 1   [ RunTime:0.0001s ]
SQL: SELECT COUNT(*) AS tp_count FROM `mb_user` WHERE ( introducer=60 ) LIMIT 1   [ RunTime:0.0001s ]
SQL: SELECT COUNT(*) AS tp_count FROM `mb_user` WHERE ( introducer=68 ) LIMIT 1   [ RunTime:0.0001s ]
SQL: SELECT COUNT(*) AS tp_count FROM `mb_user` WHERE ( introducer=69 ) LIMIT 1   [ RunTime:0.0001s ]
SQL: SELECT * FROM `mb_user` WHERE ( introducer=55 )  [ RunTime:0.0001s ]
SQL: SELECT COUNT(*) AS tp_count FROM `mb_user` WHERE ( introducer=57 ) LIMIT 1   [ RunTime:0.0001s ]
SQL: SELECT COUNT(*) AS tp_count FROM `mb_user` WHERE ( introducer=60 ) LIMIT 1   [ RunTime:0.0000s ]
SQL: SELECT COUNT(*) AS tp_count FROM `mb_user` WHERE ( introducer=68 ) LIMIT 1   [ RunTime:0.0000s ]
SQL: SELECT COUNT(*) AS tp_count FROM `mb_user` WHERE ( introducer=69 ) LIMIT 1   [ RunTime:0.0000s ]
SQL: SELECT SUM(money) AS tp_sum FROM `mb_money` WHERE ( user_id=55 ) LIMIT 1   [ RunTime:0.0001s ]
SQL: SELECT * FROM `mb_user` WHERE ( id=29 )  [ RunTime:0.0001s ]
SQL: SELECT `pid` FROM `mb_user` WHERE ( id=22 ) LIMIT 1   [ RunTime:0.0001s ]
SQL: SELECT * FROM `mb_user` WHERE ( introducer=54 )  [ RunTime:0.0001s ]
SQL: SELECT * FROM `mb_user` WHERE ( introducer=54 )  [ RunTime:0.0001s ]
SQL: SELECT SUM(money) AS tp_sum FROM `mb_money` WHERE ( user_id=54 ) LIMIT 1   [ RunTime:0.0001s ]
SQL: SELECT * FROM `mb_user` WHERE ( id=0 )  [ RunTime:0.0001s ]
SQL: SELECT * FROM `mb_user` WHERE ( introducer=52 )  [ RunTime:0.0002s ]
SQL: SELECT * FROM `mb_user` WHERE ( introducer=52 )  [ RunTime:0.0001s ]
SQL: SELECT SUM(money) AS tp_sum FROM `mb_money` WHERE ( user_id=52 ) LIMIT 1   [ RunTime:0.0001s ]
SQL: SELECT * FROM `mb_user` WHERE ( id=46 )  [ RunTime:0.0002s ]
SQL: SELECT `pid` FROM `mb_user` WHERE ( id=0 ) LIMIT 1   [ RunTime:0.0001s ]
INFO: [ view_parse ] --START--
INFO: [ template_filter ] --START--
INFO: Run Behavior\ContentReplaceBehavior [ RunTime:0.000037s ]
INFO: [ template_filter ] --END-- [ RunTime:0.000067s ]
NOTIC: [8] Undefined variable: get /data/wwwroot/default/paint/Application/Runtime/Cache/Admin/377e7c1ae6f9831d4228956a7791dba7.php 第 37 行.
NOTIC: [8] Undefined variable: get /data/wwwroot/default/paint/Application/Runtime/Cache/Admin/377e7c1ae6f9831d4228956a7791dba7.php 第 38 行.
NOTIC: [8] Undefined variable: get /data/wwwroot/default/paint/Application/Runtime/Cache/Admin/377e7c1ae6f9831d4228956a7791dba7.php 第 44 行.
NOTIC: [8] Undefined variable: get /data/wwwroot/default/paint/Application/Runtime/Cache/Admin/377e7c1ae6f9831d4228956a7791dba7.php 第 46 行.
NOTIC: [8] Undefined variable: get /data/wwwroot/default/paint/Application/Runtime/Cache/Admin/377e7c1ae6f9831d4228956a7791dba7.php 第 48 行.
NOTIC: [8] Undefined variable: get /data/wwwroot/default/paint/Application/Runtime/Cache/Admin/377e7c1ae6f9831d4228956a7791dba7.php 第 54 行.
NOTIC: [8] Undefined variable: get /data/wwwroot/default/paint/Application/Runtime/Cache/Admin/377e7c1ae6f9831d4228956a7791dba7.php 第 58 行.
NOTIC: [8] Use of undefined constant nocache - assumed 'nocache' /data/wwwroot/default/paint/Application/Runtime/Cache/Admin/377e7c1ae6f9831d4228956a7791dba7.php 第 91 行.
NOTIC: [8] Undefined variable: k /data/wwwroot/default/paint/Application/Runtime/Cache/Admin/377e7c1ae6f9831d4228956a7791dba7.php 第 95 行.
NOTIC: [8] Undefined variable: k /data/wwwroot/default/paint/Application/Runtime/Cache/Admin/377e7c1ae6f9831d4228956a7791dba7.php 第 95 行.
NOTIC: [8] Undefined variable: k /data/wwwroot/default/paint/Application/Runtime/Cache/Admin/377e7c1ae6f9831d4228956a7791dba7.php 第 95 行.
NOTIC: [8] Undefined variable: k /data/wwwroot/default/paint/Application/Runtime/Cache/Admin/377e7c1ae6f9831d4228956a7791dba7.php 第 95 行.
NOTIC: [8] Undefined variable: k /data/wwwroot/default/paint/Application/Runtime/Cache/Admin/377e7c1ae6f9831d4228956a7791dba7.php 第 95 行.
NOTIC: [8] Undefined variable: k /data/wwwroot/default/paint/Application/Runtime/Cache/Admin/377e7c1ae6f9831d4228956a7791dba7.php 第 95 行.
NOTIC: [8] Undefined variable: k /data/wwwroot/default/paint/Application/Runtime/Cache/Admin/377e7c1ae6f9831d4228956a7791dba7.php 第 95 行.
NOTIC: [8] Undefined variable: k /data/wwwroot/default/paint/Application/Runtime/Cache/Admin/377e7c1ae6f9831d4228956a7791dba7.php 第 95 行.
NOTIC: [8] Undefined variable: k /data/wwwroot/default/paint/Application/Runtime/Cache/Admin/377e7c1ae6f9831d4228956a7791dba7.php 第 95 行.
NOTIC: [8] Undefined variable: k /data/wwwroot/default/paint/Application/Runtime/Cache/Admin/377e7c1ae6f9831d4228956a7791dba7.php 第 95 行.
NOTIC: [8] Undefined variable: k /data/wwwroot/default/paint/Application/Runtime/Cache/Admin/377e7c1ae6f9831d4228956a7791dba7.php 第 95 行.
NOTIC: [8] Undefined variable: k /data/wwwroot/default/paint/Application/Runtime/Cache/Admin/377e7c1ae6f9831d4228956a7791dba7.php 第 95 行.
NOTIC: [8] Undefined variable: k /data/wwwroot/default/paint/Application/Runtime/Cache/Admin/377e7c1ae6f9831d4228956a7791dba7.php 第 95 行.
NOTIC: [8] Undefined variable: k /data/wwwroot/default/paint/Application/Runtime/Cache/Admin/377e7c1ae6f9831d4228956a7791dba7.php 第 95 行.
NOTIC: [8] Undefined variable: k /data/wwwroot/default/paint/Application/Runtime/Cache/Admin/377e7c1ae6f9831d4228956a7791dba7.php 第 95 行.
NOTIC: [8] Undefined variable: k /data/wwwroot/default/paint/Application/Runtime/Cache/Admin/377e7c1ae6f9831d4228956a7791dba7.php 第 95 行.
NOTIC: [8] Undefined variable: k /data/wwwroot/default/paint/Application/Runtime/Cache/Admin/377e7c1ae6f9831d4228956a7791dba7.php 第 95 行.
NOTIC: [8] Undefined variable: k /data/wwwroot/default/paint/Application/Runtime/Cache/Admin/377e7c1ae6f9831d4228956a7791dba7.php 第 95 行.
NOTIC: [8] Undefined variable: k /data/wwwroot/default/paint/Application/Runtime/Cache/Admin/377e7c1ae6f9831d4228956a7791dba7.php 第 95 行.
NOTIC: [8] Undefined variable: k /data/wwwroot/default/paint/Application/Runtime/Cache/Admin/377e7c1ae6f9831d4228956a7791dba7.php 第 95 行.
NOTIC: [8] Use of undefined constant endnocache - assumed 'endnocache' /data/wwwroot/default/paint/Application/Runtime/Cache/Admin/377e7c1ae6f9831d4228956a7791dba7.php 第 144 行.
INFO: Run Behavior\ParseTemplateBehavior [ RunTime:0.004666s ]
INFO: [ view_parse ] --END-- [ RunTime:0.004689s ]
INFO: [ view_filter ] --START--
INFO: Run Behavior\WriteHtmlCacheBehavior [ RunTime:0.000026s ]
INFO: [ view_filter ] --END-- [ RunTime:0.000042s ]
INFO: [ app_end ] --START--
INFO: Run Behavior\ShowPageTraceBehavior [ RunTime:0.000024s ]
INFO: [ app_end ] --END-- [ RunTime:0.000043s ]

